build_files/build/intermediates/manifest_merge_blame_file/debug/manifest-merger-blame-debug-report.txt
1<?xml version="1.0" encoding="utf-8"?>
2<manifest xmlns:android="http://schemas.android.com/apk/res/android"
3    package="com.bignerdranch.android.client"
4    android:versionCode="1"
5    android:versionName="1.0" >
6
7    <uses-sdk
8        android:minSdkVersion="24"
8-->src/main/AndroidManifest.xml
9        android:targetSdkVersion="33" />
9-->src/main/AndroidManifest.xml
10
11    <uses-permission android:name="android.permission.INTERNET" />
11-->src/main/AndroidManifest.xml:5:5-67
11-->src/main/AndroidManifest.xml:5:22-64
12    <uses-permission android:name="android.permission.ACCESS_NETWORK_STATE" />
12-->src/main/AndroidManifest.xml:6:5-79
12-->src/main/AndroidManifest.xml:6:22-76
13    <uses-permission android:name="android.permission.ACCESS_COARSE_LOCATION" />
13-->src/main/AndroidManifest.xml:7:5-81
13-->src/main/AndroidManifest.xml:7:22-78
14    <uses-permission android:name="android.permission.ACCESS_FINE_LOCATION" />
14-->src/main/AndroidManifest.xml:8:5-79
14-->src/main/AndroidManifest.xml:8:22-76
15
16    <uses-feature
16-->[com.google.android.gms:play-services-maps:18.0.2] AndroidManifest.xml:26:5-28:35
17        android:glEsVersion="0x00020000"
17-->[com.google.android.gms:play-services-maps:18.0.2] AndroidManifest.xml:27:9-41
18        android:required="true" />
18-->[com.google.android.gms:play-services-maps:18.0.2] AndroidManifest.xml:28:9-32
19
20    <queries>
20-->[com.google.android.gms:play-services-maps:18.0.2] AndroidManifest.xml:30:5-34:15
21
22        <!-- Needs to be explicitly declared on Android R+ -->
23        <package android:name="com.google.android.apps.maps" />
23-->[com.google.android.gms:play-services-maps:18.0.2] AndroidManifest.xml:33:9-64
23-->[com.google.android.gms:play-services-maps:18.0.2] AndroidManifest.xml:33:18-61
24    </queries>
25
26    <application
26-->src/main/AndroidManifest.xml:10:5-47:19
27        android:allowBackup="true"
27-->src/main/AndroidManifest.xml:11:9-35
28        android:appComponentFactory="androidx.core.app.CoreComponentFactory"
28-->[androidx.core:core:1.7.0] AndroidManifest.xml:24:18-86
29        android:dataExtractionRules="@xml/data_extraction_rules"
29-->src/main/AndroidManifest.xml:12:9-65
30        android:debuggable="true"
31        android:extractNativeLibs="false"
32        android:fullBackupContent="@xml/backup_rules"
32-->src/main/AndroidManifest.xml:13:9-54
33        android:icon="@mipmap/ic_launcher"
33-->src/main/AndroidManifest.xml:14:9-43
34        android:label="@string/app_name"
34-->src/main/AndroidManifest.xml:15:9-41
35        android:supportsRtl="true"
35-->src/main/AndroidManifest.xml:16:9-35
36        android:testOnly="true"
37        android:theme="@style/Theme.Client"
37-->src/main/AndroidManifest.xml:17:9-44
38        android:usesCleartextTraffic="true" >
38-->src/main/AndroidManifest.xml:18:9-44
39        <activity
39-->src/main/AndroidManifest.xml:20:9-22:40
40            android:name="com.bignerdranch.android.client.SearchActivity"
40-->src/main/AndroidManifest.xml:21:13-43
41            android:exported="false" />
41-->src/main/AndroidManifest.xml:22:13-37
42        <activity
42-->src/main/AndroidManifest.xml:23:9-25:40
43            android:name="com.bignerdranch.android.client.SettingsActivity"
43-->src/main/AndroidManifest.xml:24:13-45
44            android:exported="false" />
44-->src/main/AndroidManifest.xml:25:13-37
45        <activity
45-->src/main/AndroidManifest.xml:26:9-28:40
46            android:name="com.bignerdranch.android.client.PersonActivity"
46-->src/main/AndroidManifest.xml:27:13-43
47            android:exported="false" />
47-->src/main/AndroidManifest.xml:28:13-37
48        <activity
48-->src/main/AndroidManifest.xml:29:9-31:40
49            android:name="com.bignerdranch.android.client.EventActivity"
49-->src/main/AndroidManifest.xml:30:13-42
50            android:exported="false" />
50-->src/main/AndroidManifest.xml:31:13-37
51
52        <meta-data
52-->src/main/AndroidManifest.xml:33:9-35:71
53            android:name="com.google.android.geo.API_KEY"
53-->src/main/AndroidManifest.xml:34:13-58
54            android:value="AIzaSyAuaOqMtDf1T6BfkkDsx-Hd-sN0xpY04Gw" />
54-->src/main/AndroidManifest.xml:35:13-68
55
56        <activity
56-->src/main/AndroidManifest.xml:38:9-46:20
57            android:name="com.bignerdranch.android.client.MainActivity"
57-->src/main/AndroidManifest.xml:39:13-41
58            android:exported="true" >
58-->src/main/AndroidManifest.xml:40:13-36
59            <intent-filter>
59-->src/main/AndroidManifest.xml:41:13-45:29
60                <action android:name="android.intent.action.MAIN" />
60-->src/main/AndroidManifest.xml:42:17-69
60-->src/main/AndroidManifest.xml:42:25-66
61
62                <category android:name="android.intent.category.LAUNCHER" />
62-->src/main/AndroidManifest.xml:44:17-77
62-->src/main/AndroidManifest.xml:44:27-74
63            </intent-filter>
64        </activity>
65        <!-- Needs to be explicitly declared on P+ -->
66        <uses-library
66-->[com.google.android.gms:play-services-maps:18.0.2] AndroidManifest.xml:39:9-41:40
67            android:name="org.apache.http.legacy"
67-->[com.google.android.gms:play-services-maps:18.0.2] AndroidManifest.xml:40:13-50
68            android:required="false" />
68-->[com.google.android.gms:play-services-maps:18.0.2] AndroidManifest.xml:41:13-37
69
70        <activity
70-->[com.google.android.gms:play-services-base:18.0.1] AndroidManifest.xml:20:9-22:45
71            android:name="com.google.android.gms.common.api.GoogleApiActivity"
71-->[com.google.android.gms:play-services-base:18.0.1] AndroidManifest.xml:20:19-85
72            android:exported="false"
72-->[com.google.android.gms:play-services-base:18.0.1] AndroidManifest.xml:22:19-43
73            android:theme="@android:style/Theme.Translucent.NoTitleBar" />
73-->[com.google.android.gms:play-services-base:18.0.1] AndroidManifest.xml:21:19-78
74
75        <meta-data
75-->[com.google.android.gms:play-services-basement:18.0.0] AndroidManifest.xml:21:9-23:69
76            android:name="com.google.android.gms.version"
76-->[com.google.android.gms:play-services-basement:18.0.0] AndroidManifest.xml:22:13-58
77            android:value="@integer/google_play_services_version" />
77-->[com.google.android.gms:play-services-basement:18.0.0] AndroidManifest.xml:23:13-66
78
79        <provider
79-->[androidx.emoji2:emoji2:1.0.0] AndroidManifest.xml:26:9-34:20
80            android:name="androidx.startup.InitializationProvider"
80-->[androidx.emoji2:emoji2:1.0.0] AndroidManifest.xml:27:13-67
81            android:authorities="com.bignerdranch.android.client.androidx-startup"
81-->[androidx.emoji2:emoji2:1.0.0] AndroidManifest.xml:28:13-68
82            android:exported="false" >
82-->[androidx.emoji2:emoji2:1.0.0] AndroidManifest.xml:29:13-37
83            <meta-data
83-->[androidx.emoji2:emoji2:1.0.0] AndroidManifest.xml:31:13-33:52
84                android:name="androidx.emoji2.text.EmojiCompatInitializer"
84-->[androidx.emoji2:emoji2:1.0.0] AndroidManifest.xml:32:17-75
85                android:value="androidx.startup" />
85-->[androidx.emoji2:emoji2:1.0.0] AndroidManifest.xml:33:17-49
86            <meta-data
86-->[androidx.lifecycle:lifecycle-process:2.4.0] AndroidManifest.xml:31:13-33:52
87                android:name="androidx.lifecycle.ProcessLifecycleInitializer"
87-->[androidx.lifecycle:lifecycle-process:2.4.0] AndroidManifest.xml:32:17-78
88                android:value="androidx.startup" />
88-->[androidx.lifecycle:lifecycle-process:2.4.0] AndroidManifest.xml:33:17-49
89        </provider>
90    </application>
91
92</manifest>